<?xml version="1.0" encoding="utf-8" standalone="no"?>
<test-run id="0" runstate="Runnable" testcasecount="2" result="Passed" total="2" passed="2" failed="0" inconclusive="0" skipped="0" asserts="38" engine-version="3.11.1.0" clr-version="4.0.30319.42000" start-time="2023-01-13 17:42:54Z" end-time="2023-01-13 17:42:54Z" duration="0.745963">
  <command-line><![CDATA[packages\NUnit.ConsoleRunner.3.11.1\tools\nunit3-console.exe  Tests/bin/Release/Tests.dll ]]></command-line>
  <test-suite type="Assembly" id="0-1003" name="Tests.dll" fullname="D:\_fdf\projects\workspace_aiv\aiv-draw\Tests\bin\Release\Tests.dll" runstate="Runnable" testcasecount="2" result="Passed" start-time="2023-01-13 17:42:54Z" end-time="2023-01-13 17:42:54Z" duration="0.086549" total="2" passed="2" failed="0" warnings="0" inconclusive="0" skipped="0" asserts="38">
    <environment framework-version="3.12.0.0" clr-version="4.0.30319.42000" os-version="Microsoft Windows NT 10.0.19045.0" platform="Win32NT" cwd="D:\_fdf\projects\workspace_aiv\aiv-draw" machine-name="LAPTOP-9V73JU0K" user="fdf82" user-domain="LAPTOP-9V73JU0K" culture="it-IT" uiculture="it-IT" os-architecture="x64" />
    <settings>
      <setting name="DisposeRunners" value="True" />
      <setting name="WorkDirectory" value="D:\_fdf\projects\workspace_aiv\aiv-draw" />
      <setting name="ImageRuntimeVersion" value="4.0.30319" />
      <setting name="ImageTargetFrameworkName" value=".NETFramework,Version=v4.8" />
      <setting name="ImageRequiresX86" value="False" />
      <setting name="ImageRequiresDefaultAppDomainAssemblyResolver" value="False" />
      <setting name="RuntimeFramework" value="net-4.0" />
      <setting name="NumberOfTestWorkers" value="12" />
    </settings>
    <properties>
      <property name="_PID" value="31252" />
      <property name="_APPDOMAIN" value="domain-" />
    </properties>
    <test-suite type="TestSuite" id="0-1004" name="Tests" fullname="Tests" runstate="Runnable" testcasecount="2" result="Passed" start-time="2023-01-13 17:42:54Z" end-time="2023-01-13 17:42:54Z" duration="0.070432" total="2" passed="2" failed="0" warnings="0" inconclusive="0" skipped="0" asserts="38">
      <test-suite type="TestFixture" id="0-1000" name="SpriteTest" fullname="Tests.SpriteTest" classname="Tests.SpriteTest" runstate="Runnable" testcasecount="2" result="Passed" start-time="2023-01-13 17:42:54Z" end-time="2023-01-13 17:42:54Z" duration="0.066910" total="2" passed="2" failed="0" warnings="0" inconclusive="0" skipped="0" asserts="38">
        <test-case id="0-1002" name="ReadSprite_2x2_RGB" fullname="Tests.SpriteTest.ReadSprite_2x2_RGB" methodname="ReadSprite_2x2_RGB" classname="Tests.SpriteTest" runstate="Runnable" seed="1055825614" result="Passed" start-time="2023-01-13 17:42:54Z" end-time="2023-01-13 17:42:54Z" duration="0.053599" asserts="17" />
        <test-case id="0-1001" name="ReadSprite_2x2_RGBA" fullname="Tests.SpriteTest.ReadSprite_2x2_RGBA" methodname="ReadSprite_2x2_RGBA" classname="Tests.SpriteTest" runstate="Runnable" seed="1885722767" result="Passed" start-time="2023-01-13 17:42:54Z" end-time="2023-01-13 17:42:54Z" duration="0.004857" asserts="21" />
      </test-suite>
    </test-suite>
  </test-suite>
</test-run>